# Журнал реализации — GitHub Actions, релиз и настройка автономных коммитов
## Дата начала: 2026-06-12T14:45:00+03:00
## Задачи:
## 1. Выполнить ритуал 'до начала задачи' (PROJECT.md, bz.md, tests_master_plan.md, journal.log).
## 2. Добавить исключение !Metodology/journal.log в .gitignore.
## 3. Настроить автономные коммиты (агент делает commit без подтверждения пользователя).
## 4. Настроить GitHub Actions для автоматической проверки коммит-сообщений.
## 5. Создать первый релиз на GitHub.
## 6. Выполнить стандартное завершение задачи.
---

## 2026-06-12 14:45 — Этап 0: Ритуал 'до начала задачи'
- Прочитаны .kimi/prompts.md, PROJECT.md, Metodology/PROJECT_IMPLEMENTATION_STATUS.md, Metodology/bz.md, Metodology/tests_master_plan.md, CHANGELOG.md.
- journal.log очищен и инициализирован для текущей задачи.
- Проанализированы новые задачи: GitHub Actions, релиз, .gitignore, автономные коммиты.
- Вопросы/неясности отсутствуют — пользователь дал прямые инструкции.
- Риски:
  - Р.1: GitHub Actions workflow для проверки коммит-сообщений может отклонять валидные сообщения из-за строгости regex. Решение: использовать умеренный шаблон и предоставить примеры.
  - Р.2: Создание релиза через API требует scope `repo` или `contents:write`. Текущий токен имеет `public_repo`, должен подойти для публичного репозитория.
  - Р.3: Автономные коммиты без подтверждения требуют аккуратности, чтобы не отправить нежелательные файлы. Решение: всегда проверять `git status` перед коммитом.

## 2026-06-12 14:50 — Этап 1: Обновление PROJECT.md
- Удалена выполненная задача 5.20 (GitHub publication) из таблицы 'Статус задач'.
- Добавлены новые задачи:
  - 5.20 GitHub Actions — проверка коммит-сообщений
  - 5.21 Создание первого релиза v2.8.0
  - 5.22 Исключение journal.log в .gitignore

